<?xml version="1.0" encoding="UTF-8"?>
<!-- Generated by org.testng.reporters.JUnitReportReporter -->
<testsuite hostname="PMCW0881" failures="0" tests="1" name="main.MainTesting" time="5.893" errors="0" timestamp="2023-04-04T11:30:34 ICT" skipped="0">
  <testcase classname="main.MainTesting" name="TC_01" time="5.893"/>
  <system-out/>
</testsuite> <!-- main.MainTesting -->
