<?xml version="1.0" encoding="UTF-8"?>
<!-- Generated by org.testng.reporters.JUnitReportReporter -->
<testsuite hostname="PMCW0881" failures="0" tests="1" name="testCase.checkLabel" time="5.508" errors="0" timestamp="2023-04-04T13:07:42 ICT" skipped="0">
  <testcase classname="testCase.checkLabel" name="TC_01" time="5.508"/>
  <system-out/>
</testsuite> <!-- testCase.checkLabel -->
