<?xml version="1.0" encoding="UTF-8"?>
<!-- Generated by org.testng.reporters.JUnitReportReporter -->
<testsuite hostname="PMCW0881" failures="0" tests="1" name="test.WebAutoPharmacity" time="7.116" errors="0" timestamp="2023-04-04T10:03:16 ICT" skipped="0">
  <testcase classname="test.WebAutoPharmacity" name="TC_01" time="7.116"/>
  <system-out/>
</testsuite> <!-- test.WebAutoPharmacity -->
